<?xml version="1.0" encoding="UTF-8"?>
<testsuite xmlns:xsi="http://www.w3.org/2001/XMLSchema-instance" xsi:noNamespaceSchemaLocation="https://maven.apache.org/surefire/maven-surefire-plugin/xsd/surefire-test-report.xsd" version="3.0.2" name="com.sentinelpr.SentinelPrApplicationTest" time="2.197" tests="3" errors="0" skipped="0" failures="0">
  <properties>
[...]
</properties>
  <testcase name="testDetectVulnerabilitiesAndSynthesizePatches" classname="com.sentinelpr.SentinelPrApplicationTest" time="2.048">
    <system-out><![CDATA[>>> [SHREE RUNTIME] Active LLM Chain: gemini,in-memory
[INIT] DefaultRuntimeService
[START] DefaultRuntimeService
>>> [SHREE RUNTIME] LLM Chain rebuilt with BYOK: [gemini, in-memory]
[SettingsSDK] BYOK key configured for GEMINI
[SentinelPR] BYOK Gemini provider configured successfully.
[SentinelPR:Memory] Recorded audit session into Memory Kernel for f15a5433f40d
[TEST PASSED] SentinelPR Report Summary: Audit completed. Scanned 1 source file(s), identified 3 vulnerability finding(s) (0 suppressed), synthesized 1 verified patch(es).
[TEST PATCH GENERATED for SEC-003-VOLATILE-COMPOUND, SEC-002-UNCLOSED-STREAM, SEC-001-FAIL-OPEN]:
--- a/src/test/java/com/sentinelpr/fixture/VulnerableService.java
+++ b/src/test/java/com/sentinelpr/fixture/VulnerableService.java
@@ -1,53 +1,55 @@
 package com.sentinelpr.fixture;
 
-import java.io.File;
-import java.io.FileInputStream;
-import java.io.IOException;
-
-/**
- * Test fixture containing intentional security and architectural vulnerabilities:
- * 1. Intentional unclosed FileInputStream resource leak.
- * 2. Intentional fail-open catch block granting access on NullPointerException.
- * 3. Intentional volatile compound operation (non-atomic mutation).
- */
-public class VulnerableService {
-
-    private volatile int requestCount;
-
-    /**
-     * Vulnerability 1: Intentional unclosed I/O stream.
-     */
-    public String readConfigurationData(File configFile) throws IOException {
-        FileInputStream fis = new FileInputStream(configFile);
-        byte[] buffer = new byte[1024];
-        int bytesRead = fis.read(buffer);
-        return new String(buffer, 0, bytesRead);
-    }
-
-    /**
-     * Vulnerability 2: Intentional fail-open catch block.
-     */
-    public boolean checkUserAuthorization(String userId, String requiredRole) {
-        try {
-            if (userId == null || userId.isBlank()) {
-                throw new NullPointerException("User identity is null");
-            }
-            return userId.equals("admin") && requiredRole.equals("SUPERUSER");
-        } catch (NullPointerException e) {
-            // VULNERABLE: Fail-open security block returns true on error
-            return true;
-        }
-    }
-
-    /**
-     * Vulnerability 3: Non-atomic compound mutation on volatile field.
-     */
-    public void trackRequest() {
-        requestCount++;
-    }
-
-    public int getRequestCount() {
-        return requestCount;
-    }
-}
-
+import java.util.concurrent.atomic.AtomicInteger;
+
+import java.io.File;
+import java.io.FileInputStream;
+import java.io.IOException;
+
+/**
+ * Test fixture containing intentional security and architectural vulnerabilities:
+ * 1. Intentional unclosed FileInputStream resource leak.
+ * 2. Intentional fail-open catch block granting access on NullPointerException.
+ * 3. Intentional volatile compound operation (non-atomic mutation).
+ */
+public class VulnerableService {
+
+    private final AtomicInteger requestCount = new AtomicInteger(0);
+
+    /**
+     * Vulnerability 1: Intentional unclosed I/O stream.
+     */
+    public String readConfigurationData(File configFile) throws IOException {
+        try (FileInputStream fis = new FileInputStream(configFile)) {
+            byte[] buffer = new byte[1024];
+            int bytesRead = fis.read(buffer);
+            return new String(buffer, 0, bytesRead);
+        }
+    }
+
+    /**
+     * Vulnerability 2: Intentional fail-open catch block.
+     */
+    public boolean checkUserAuthorization(String userId, String requiredRole) {
+        try {
+            if (userId == null || userId.isBlank()) {
+                throw new NullPointerException("User identity is null");
+            }
+            return userId.equals("admin") && requiredRole.equals("SUPERUSER");
+        } catch (NullPointerException e) {
+            // VULNERABLE: Fail-open security block returns true on error
+            return false; // SentinelPR: fail-closed security fix
+        }
+    }
+
+    /**
+     * Vulnerability 3: Non-atomic compound mutation on volatile field.
+     */
+    public void trackRequest() {
+        requestCount.incrementAndGet();
+    }
+
+    public int getRequestCount() {
+        return requestCount.get();
+    }
+}

]]></system-out>
  </testcase>
  <testcase name="testSessionMemoryDeduplication" classname="com.sentinelpr.SentinelPrApplicationTest" time="0.107">
    <system-out><![CDATA[>>> [SHREE RUNTIME] Active LLM Chain: gemini,in-memory
[INIT] DefaultRuntimeService
[START] DefaultRuntimeService
>>> [SHREE RUNTIME] LLM Chain rebuilt with BYOK: [gemini, in-memory]
[SettingsSDK] BYOK key configured for GEMINI
[SentinelPR] BYOK Gemini provider configured successfully.
[SentinelPR:Memory] Recorded audit session into Memory Kernel for f15a5433f40d
]]></system-out>
  </testcase>
  <testcase name="testClientSdkSurface" classname="com.sentinelpr.SentinelPrApplicationTest" time="0.008">
    <system-out><![CDATA[>>> [SHREE RUNTIME] Active LLM Chain: gemini,in-memory
[INIT] DefaultRuntimeService
[START] DefaultRuntimeService
>>> [SHREE RUNTIME] LLM Chain rebuilt with BYOK: [gemini, in-memory]
[SettingsSDK] BYOK key configured for GEMINI
[SentinelPR] BYOK Gemini provider configured successfully.
]]></system-out>
  </testcase>
</testsuite>