<?xml version="1.0" encoding="UTF-8"?>
<testsuite xmlns:xsi="http://www.w3.org/2001/XMLSchema-instance" xsi:noNamespaceSchemaLocation="https://maven.apache.org/surefire/maven-surefire-plugin/xsd/surefire-test-report.xsd" version="3.0.2" name="com.sentinelpr.SentinelPrP0VerificationTest" time="0.663" tests="4" errors="0" skipped="0" failures="0">
  <properties>
[...]
</properties>
  <testcase name="testSentinelIgnoreFileSuppression" classname="com.sentinelpr.SentinelPrP0VerificationTest" time="0.212">
    <system-out><![CDATA[>>> [SHREE RUNTIME] Active LLM Chain: openai,in-memory
[INIT] DefaultRuntimeService
[START] DefaultRuntimeService
[SentinelPR] No GEMINI_API_KEY provided; operating in deterministic in-memory provider mode.
[SentinelPR:Memory] Recorded audit session into Memory Kernel for f6ce5b0963d7
[P0 TEST PASSED] .sentinelignore suppression confirmed.
]]></system-out>
  </testcase>
  <testcase name="testTaintDataflowTracking" classname="com.sentinelpr.SentinelPrP0VerificationTest" time="0.019">
    <system-out><![CDATA[>>> [SHREE RUNTIME] Active LLM Chain: openai,in-memory
[INIT] DefaultRuntimeService
[START] DefaultRuntimeService
[SentinelPR] No GEMINI_API_KEY provided; operating in deterministic in-memory provider mode.
[P0 TEST PASSED] DataflowTracker Flows Traced:
  untrustedInput (line 27) -> preparedCommand -> Runtime.getRuntime().exec(preparedCommand) (line 29)
  untrustedInput (line 35) -> Runtime.getRuntime().exec(untrustedInput) (line 39) [SANITIZED by Sanitization Routine]
  file (line 65) -> new FileInputStream(file) (line 67)
  logFile (line 76) -> new FileInputStream(logFile) (line 77)
]]></system-out>
  </testcase>
  <testcase name="testAtomicPatchCompositionAndRegressionVerification" classname="com.sentinelpr.SentinelPrP0VerificationTest" time="0.227">
    <system-out><![CDATA[>>> [SHREE RUNTIME] Active LLM Chain: openai,in-memory
[INIT] DefaultRuntimeService
[START] DefaultRuntimeService
[SentinelPR] No GEMINI_API_KEY provided; operating in deterministic in-memory provider mode.
[SentinelPR:Memory] Recorded audit session into Memory Kernel for f6ce5b0963d7
[P0 TEST PASSED] Composed Unified Diff Patch:
--- a/src/test/java/com/sentinelpr/fixture/TaintedVulnerableService.java
+++ b/src/test/java/com/sentinelpr/fixture/TaintedVulnerableService.java
@@ -1,108 +1,110 @@
 package com.sentinelpr.fixture;
 
-import java.io.File;
-import java.io.FileInputStream;
-import java.io.IOException;
-
-/**
- * <b>TaintedVulnerableService</b>
- *
- * <p>Test fixture demonstrating:</p>
- * <ol>
- *   <li>Tainted source-to-sink dataflow (user input -> Runtime.exec)</li>
- *   <li>Sanitized dataflow path (user input -> validator -> sink)</li>
- *   <li>Intentional false-positive suppressed via {@code @SuppressWarnings("sentinel:SEC-001")}</li>
- *   <li>Intentional false-positive suppressed via {@code // sentinel-ignore SEC-002}</li>
- *   <li>Multiple co-located defects requiring atomic patch composition (SEC-001, SEC-002, SEC-003)</li>
- * </ol>
- */
-public class TaintedVulnerableService {
-
-    // Co-located defect 1: Volatile compound mutation
-    private volatile int activeOperations;
-
-    /**
-     * Taint Scenario 1: Untrusted parameter flows to command execution sink without sanitization.
-     */
-    public void executeUserCommand(String untrustedInput) throws IOException {
-        String preparedCommand = "sh -c " + untrustedInput;
-        Runtime.getRuntime().exec(preparedCommand);
-    }
-
-    /**
-     * Taint Scenario 2: Untrusted parameter passes through a sanitizer before execution.
-     */
-    public void executeSanitizedCommand(String untrustedInput) throws IOException {
-        if (!validateCommand(untrustedInput)) {
-            return;
-        }
-        Runtime.getRuntime().exec(untrustedInput);
-    }
-
-    private boolean validateCommand(String input) {
-        return input != null && input.matches("^[a-zA-Z0-9_-]+$");
-    }
-
-    /**
-     * Suppression Scenario 1: Fail-open catch block suppressed by @SuppressWarnings("sentinel:SEC-001").
-     */
-    @SuppressWarnings("sentinel:SEC-001")
-    public boolean checkPermissionWithAnnotation(String token) {
-        try {
-            if (token == null) {
-                throw new NullPointerException("Token null");
-            }
-            return token.equals("ROOT");
-        } catch (NullPointerException e) {
-            // Intentional false positive suppressed by annotation
-            return true;
-        }
-    }
-
-    /**
-     * Suppression Scenario 2: Unclosed stream suppressed by inline comment.
-     */
-    public String readWithCommentSuppression(File file) throws IOException {
-        // sentinel-ignore SEC-002 Stream resource closed by caller lifecycle
-        FileInputStream fis = new FileInputStream(file);
-        byte[] buffer = new byte[64];
-        int read = fis.read(buffer);
-        return new String(buffer, 0, read);
-    }
-
-    /**
-     * Co-located defect 2: Unsuppressed unclosed I/O stream requiring patch.
-     */
-    public String readTelemetryLog(File logFile) throws IOException {
-        FileInputStream fis = new FileInputStream(logFile);
-        byte[] buffer = new byte[128];
-        int read = fis.read(buffer);
-        return new String(buffer, 0, read);
-    }
-
-    /**
-     * Co-located defect 3: Unsuppressed fail-open catch block requiring patch.
-     */
-    public boolean checkSuperAdmin(String user) {
-        try {
-            if (user == null || user.isBlank()) {
-                throw new NullPointerException("User null");
-            }
-            return user.equals("superadmin");
-        } catch (NullPointerException e) {
-            return true;
-        }
-    }
-
-    /**
-     * Co-located defect 1 mutation: Non-atomic compound operation on volatile field.
-     */
-    public void trackOperation() {
-        activeOperations++;
-    }
-
-    public int getActiveOperations() {
-        return activeOperations;
-    }
-}
-
+import java.util.concurrent.atomic.AtomicInteger;
+
+import java.io.File;
+import java.io.FileInputStream;
+import java.io.IOException;
+
+/**
+ * <b>TaintedVulnerableService</b>
+ *
+ * <p>Test fixture demonstrating:</p>
+ * <ol>
+ *   <li>Tainted source-to-sink dataflow (user input -> Runtime.exec)</li>
+ *   <li>Sanitized dataflow path (user input -> validator -> sink)</li>
+ *   <li>Intentional false-positive suppressed via {@code @SuppressWarnings("sentinel:SEC-001")}</li>
+ *   <li>Intentional false-positive suppressed via {@code // sentinel-ignore SEC-002}</li>
+ *   <li>Multiple co-located defects requiring atomic patch composition (SEC-001, SEC-002, SEC-003)</li>
+ * </ol>
+ */
+public class TaintedVulnerableService {
+
+    // Co-located defect 1: Volatile compound mutation
+    private final AtomicInteger activeOperations = new AtomicInteger(0);
+
+    /**
+     * Taint Scenario 1: Untrusted parameter flows to command execution sink without sanitization.
+     */
+    public void executeUserCommand(String untrustedInput) throws IOException {
+        String preparedCommand = "sh -c " + untrustedInput;
+        new ProcessBuilder(preparedCommand);
+    }
+
+    /**
+     * Taint Scenario 2: Untrusted parameter passes through a sanitizer before execution.
+     */
+    public void executeSanitizedCommand(String untrustedInput) throws IOException {
+        if (!validateCommand(untrustedInput)) {
+            return;
+        }
+        new ProcessBuilder(untrustedInput);
+    }
+
+    private boolean validateCommand(String input) {
+        return input != null && input.matches("^[a-zA-Z0-9_-]+$");
+    }
+
+    /**
+     * Suppression Scenario 1: Fail-open catch block suppressed by @SuppressWarnings("sentinel:SEC-001").
+     */
+    @SuppressWarnings("sentinel:SEC-001")
+    public boolean checkPermissionWithAnnotation(String token) {
+        try {
+            if (token == null) {
+                throw new NullPointerException("Token null");
+            }
+            return token.equals("ROOT");
+        } catch (NullPointerException e) {
+            // Intentional false positive suppressed by annotation
+            return true;
+        }
+    }
+
+    /**
+     * Suppression Scenario 2: Unclosed stream suppressed by inline comment.
+     */
+    public String readWithCommentSuppression(File file) throws IOException {
+        // sentinel-ignore SEC-002 Stream resource closed by caller lifecycle
+        FileInputStream fis = new FileInputStream(file);
+        byte[] buffer = new byte[64];
+        int read = fis.read(buffer);
+        return new String(buffer, 0, read);
+    }
+
+    /**
+     * Co-located defect 2: Unsuppressed unclosed I/O stream requiring patch.
+     */
+    public String readTelemetryLog(File logFile) throws IOException {
+        try (FileInputStream fis = new FileInputStream(logFile)) {
+            byte[] buffer = new byte[128];
+            int read = fis.read(buffer);
+            return new String(buffer, 0, read);
+        }
+    }
+
+    /**
+     * Co-located defect 3: Unsuppressed fail-open catch block requiring patch.
+     */
+    public boolean checkSuperAdmin(String user) {
+        try {
+            if (user == null || user.isBlank()) {
+                throw new NullPointerException("User null");
+            }
+            return user.equals("superadmin");
+        } catch (NullPointerException e) {
+            return false; // SentinelPR: fail-closed security fix
+        }
+    }
+
+    /**
+     * Co-located defect 1 mutation: Non-atomic compound operation on volatile field.
+     */
+    public void trackOperation() {
+        activeOperations.incrementAndGet();
+    }
+
+    public int getActiveOperations() {
+        return activeOperations.get();
+    }
+}

Verification Message: AST syntax verified (Java 21 LTS) & regression verification PASSED (0 critical findings remain, 1 non-critical)
]]></system-out>
  </testcase>
  <testcase name="testFalsePositiveSuppression" classname="com.sentinelpr.SentinelPrP0VerificationTest" time="0.198">
    <system-out><![CDATA[>>> [SHREE RUNTIME] Active LLM Chain: openai,in-memory
[INIT] DefaultRuntimeService
[START] DefaultRuntimeService
[SentinelPR] No GEMINI_API_KEY provided; operating in deterministic in-memory provider mode.
[SentinelPR:Memory] Recorded audit session into Memory Kernel for f6ce5b0963d7
[P0 TEST PASSED] Suppressed Findings Recorded in ReviewReport:
  [ANNOTATION] Fail-open security catch block grants access upon NullPointerException -> Reason: @SuppressWarnings("sentinel:SEC-001") on method 'checkPermissionWithAnnotation'
  [INLINE_COMMENT] Unclosed I/O resource stream detected: FileInputStream -> Reason: Inline comment '// sentinel-ignore SEC-002 Stream resource closed by caller lifecycle' at line 66
]]></system-out>
  </testcase>
</testsuite>